<?xml version="1.0" encoding="UTF-8"?>
<!-- Generated by org.testng.reporters.JUnitXMLReporter -->
<testsuite ignored="5" hostname="neethu" failures="0" tests="1" name="Default test" time="25.066" errors="0" timestamp="2024-06-14T04:11:21 IST">
  <testcase classname="testpackage.testclass" name="datadriven" time="17.351"/>
  <testcase classname="testpackage.testclass" name="linkcount" time="0.0">
    <ignored/>
  </testcase> <!-- linkcount -->
  <testcase classname="testpackage.testclass" name="buttontext" time="0.0">
    <ignored/>
  </testcase> <!-- buttontext -->
  <testcase classname="testpackage.testclass" name="titleverification" time="0.0">
    <ignored/>
  </testcase> <!-- titleverification -->
  <testcase classname="testpackage.testclass" name="logoverification" time="0.0">
    <ignored/>
  </testcase> <!-- logoverification -->
  <testcase classname="testpackage.testclass" name="screenshot" time="0.0">
    <ignored/>
  </testcase> <!-- screenshot -->
</testsuite> <!-- Default test -->
