<?xml version="1.0" encoding="UTF-8"?>
<testng-results ignored="0" total="1" passed="1" failed="0" skipped="0">
  <reporter-output>
  </reporter-output>
  <suite started-at="2024-06-14T04:10:56 IST" name="Default suite" finished-at="2024-06-14T04:11:21 IST" duration-ms="25066">
    <groups>
    </groups>
    <test started-at="2024-06-14T04:10:56 IST" name="Default test" finished-at="2024-06-14T04:11:21 IST" duration-ms="25066">
      <class name="testpackage.testclass">
        <test-method is-config="true" signature="setup()[pri:0, instance:testpackage.testclass@750e2b97]" started-at="2024-06-14T04:10:56 IST" name="setup" finished-at="2024-06-14T04:11:04 IST" duration-ms="7603" status="PASS">
          <reporter-output>
          </reporter-output>
        </test-method> <!-- setup -->
        <test-method signature="datadriven()[pri:5, instance:testpackage.testclass@750e2b97]" started-at="2024-06-14T04:11:04 IST" name="datadriven" finished-at="2024-06-14T04:11:21 IST" duration-ms="17351" status="PASS">
          <reporter-output>
          </reporter-output>
        </test-method> <!-- datadriven -->
      </class> <!-- testpackage.testclass -->
    </test> <!-- Default test -->
  </suite> <!-- Default suite -->
</testng-results>
